[WARNING] 
[WARNING] Some problems were encountered while building the effective settings
[WARNING] expected START_TAG or END_TAG not TEXT (position: TEXT seen ...<offline>false</offline>\r\n  ...\r\n</... @10:3)  @ C:\Users\Vipin\.m2\settings.xml, line 10, column 3
[WARNING] 
[INFO] Scanning for projects...
[WARNING] 
[WARNING] Some problems were encountered while building the effective model for TrainingTest1:OpenCart:jar:1.0-SNAPSHOT
[WARNING] 'dependencies.dependency.(groupId:artifactId:type:classifier)' must be unique: com.vimalselvam:cucumber-extentsreport:jar -> duplicate declaration of version 3.0.2 @ line 93, column 14
[WARNING] 'dependencies.dependency.(groupId:artifactId:type:classifier)' must be unique: com.aventstack:extentreports:jar -> duplicate declaration of version 3.1.2 @ line 99, column 14
[WARNING] 'dependencies.dependency.(groupId:artifactId:type:classifier)' must be unique: org.seleniumhq.selenium:selenium-java:jar -> duplicate declaration of version 3.11.0 @ line 105, column 14
[WARNING] 'dependencies.dependency.(groupId:artifactId:type:classifier)' must be unique: com.aventstack:extentreports:jar -> version 3.1.2 vs 3.0.6 @ line 163, column 14
[WARNING] 'dependencies.dependency.(groupId:artifactId:type:classifier)' must be unique: info.cukes:cucumber-core:jar -> duplicate declaration of version 1.2.5 @ line 186, column 14
[WARNING] 'dependencies.dependency.(groupId:artifactId:type:classifier)' must be unique: com.vimalselvam:cucumber-extentsreport:jar -> duplicate declaration of version 3.0.2 @ line 191, column 14
[WARNING] 'dependencies.dependency.(groupId:artifactId:type:classifier)' must be unique: junit:junit:jar -> version 4.11 vs 3.8.1 @ line 197, column 17
[WARNING] 'dependencies.dependency.(groupId:artifactId:type:classifier)' must be unique: org.testng:testng:jar -> duplicate declaration of version 6.14.3 @ line 204, column 14
[WARNING] 'dependencies.dependency.(groupId:artifactId:type:classifier)' must be unique: junit:junit:jar -> version 4.11 vs 4.12 @ line 210, column 14
[WARNING] 'dependencies.dependency.(groupId:artifactId:type:classifier)' must be unique: info.cukes:cucumber-junit:jar -> duplicate declaration of version 1.2.4 @ line 216, column 19
[WARNING] 'dependencies.dependency.(groupId:artifactId:type:classifier)' must be unique: junit:junit:jar -> version 4.11 vs 4.12 @ line 222, column 16
[WARNING] 'build.plugins.plugin.version' for org.apache.maven.plugins:maven-compiler-plugin is missing. @ line 31, column 17
[WARNING] 'build.plugins.plugin.version' for org.apache.maven.plugins:maven-surefire-plugin is missing. @ line 19, column 17
[WARNING] 
[WARNING] It is highly recommended to fix these problems because they threaten the stability of your build.
[WARNING] 
[WARNING] For this reason, future Maven versions might no longer support building such malformed projects.
[WARNING] 
[INFO] 
[INFO] -----------------------< TrainingTest1:OpenCart >-----------------------
[INFO] Building OpenCart 1.0-SNAPSHOT
[INFO] --------------------------------[ jar ]---------------------------------
[WARNING] The artifact org.apache.commons:commons-io:jar:1.3.2 has been relocated to commons-io:commons-io:jar:1.3.2
[INFO] 
[INFO] --- maven-clean-plugin:2.5:clean (default-clean) @ OpenCart ---
[INFO] Deleting H:\OpenCart\target
[INFO] 
[INFO] --- maven-resources-plugin:2.6:resources (default-resources) @ OpenCart ---
[WARNING] File encoding has not been set, using platform encoding Cp1252, i.e. build is platform dependent!
[WARNING] Using platform encoding (Cp1252 actually) to copy filtered resources, i.e. build is platform dependent!
[INFO] Copying 6 resources
[INFO] 
[INFO] --- maven-compiler-plugin:3.1:compile (default-compile) @ OpenCart ---
[INFO] Changes detected - recompiling the module!
[WARNING] File encoding has not been set, using platform encoding Cp1252, i.e. build is platform dependent!
[INFO] Compiling 25 source files to H:\OpenCart\target\classes
[INFO] 
[INFO] --- maven-resources-plugin:2.6:testResources (default-testResources) @ OpenCart ---
[WARNING] Using platform encoding (Cp1252 actually) to copy filtered resources, i.e. build is platform dependent!
[INFO] Copying 8 resources
[INFO] 
[INFO] --- maven-compiler-plugin:3.1:testCompile (default-testCompile) @ OpenCart ---
[INFO] Changes detected - recompiling the module!
[WARNING] File encoding has not been set, using platform encoding Cp1252, i.e. build is platform dependent!
[INFO] Compiling 3 source files to H:\OpenCart\target\test-classes
[INFO] 
[INFO] --- maven-surefire-plugin:2.12.4:test (default-test) @ OpenCart ---
[INFO] Surefire report directory: H:\OpenCart\target\surefire-reports

-------------------------------------------------------
 T E S T S
-------------------------------------------------------
org.apache.maven.surefire.util.SurefireReflectionException: java.lang.reflect.InvocationTargetException; nested exception is java.lang.reflect.InvocationTargetException: null
java.lang.reflect.InvocationTargetException
	at sun.reflect.NativeMethodAccessorImpl.invoke0(Native Method)
	at sun.reflect.NativeMethodAccessorImpl.invoke(NativeMethodAccessorImpl.java:62)
	at sun.reflect.DelegatingMethodAccessorImpl.invoke(DelegatingMethodAccessorImpl.java:43)
	at java.lang.reflect.Method.invoke(Method.java:498)
	at org.apache.maven.surefire.util.ReflectionUtils.invokeMethodWithArray(ReflectionUtils.java:189)
	at org.apache.maven.surefire.booter.ProviderFactory$ProviderProxy.invoke(ProviderFactory.java:165)
	at org.apache.maven.surefire.booter.ProviderFactory.invokeProvider(ProviderFactory.java:85)
	at org.apache.maven.surefire.booter.ForkedBooter.runSuitesInProcess(ForkedBooter.java:115)
	at org.apache.maven.surefire.booter.ForkedBooter.main(ForkedBooter.java:75)
Caused by: org.apache.maven.surefire.testset.TestSetFailedException: Suite file H:\OpenCart\3 is not a valid file
	at org.apache.maven.surefire.testng.TestNGXmlTestSuite.locateTestSets(TestNGXmlTestSuite.java:124)
	at org.apache.maven.surefire.testng.TestNGProvider.invoke(TestNGProvider.java:89)
	... 9 more

Results :

Tests run: 0, Failures: 0, Errors: 0, Skipped: 0

[INFO] ------------------------------------------------------------------------
[INFO] BUILD FAILURE
[INFO] ------------------------------------------------------------------------
[INFO] Total time: 4.962 s
[INFO] Finished at: 2019-06-24T00:10:24+05:30
[INFO] ------------------------------------------------------------------------
[ERROR] Failed to execute goal org.apache.maven.plugins:maven-surefire-plugin:2.12.4:test (default-test) on project OpenCart: Execution default-test of goal org.apache.maven.plugins:maven-surefire-plugin:2.12.4:test failed: The forked VM terminated without saying properly goodbye. VM crash or System.exit called ? -> [Help 1]
[ERROR] 
[ERROR] To see the full stack trace of the errors, re-run Maven with the -e switch.
[ERROR] Re-run Maven using the -X switch to enable full debug logging.
[ERROR] 
[ERROR] For more information about the errors and possible solutions, please read the following articles:
[ERROR] [Help 1] http://cwiki.apache.org/confluence/display/MAVEN/PluginExecutionException
